2021-Apr-20 19:32:47 [restartedMain] INFO  c.f.FitnessNewsSbApplication                       - Starting FitnessNewsSbApplication using Java 15.0.1 on DESKTOP-M1PU5ME with PID 15332 (C:\Users\lsant\OneDrive\Documents\Training\Projects\Project2\FitnessNewsSB\target\classes started by lsant in C:\Users\lsant\OneDrive\Documents\Training\Projects\Project2\FitnessNewsSB)
2021-Apr-20 19:32:47 [restartedMain] INFO  c.f.FitnessNewsSbApplication                       - No active profile set, falling back to default profiles: default
2021-Apr-20 19:32:48 [restartedMain] INFO  o.s.d.r.c.RepositoryConfigurationDelegate          - Bootstrapping Spring Data JPA repositories in DEFAULT mode.
2021-Apr-20 19:32:48 [restartedMain] INFO  o.s.d.r.c.RepositoryConfigurationDelegate          - Finished Spring Data repository scanning in 22 ms. Found 3 JPA repository interfaces.
2021-Apr-20 19:32:48 [restartedMain] INFO  o.s.b.w.e.t.TomcatWebServer                        - Tomcat initialized with port(s): 9095 (http)
2021-Apr-20 19:32:48 [restartedMain] INFO  o.a.c.h.Http11NioProtocol                          - Initializing ProtocolHandler ["http-nio-9095"]
2021-Apr-20 19:32:48 [restartedMain] INFO  o.a.c.c.StandardService                            - Starting service [Tomcat]
2021-Apr-20 19:32:48 [restartedMain] INFO  o.a.c.c.StandardEngine                             - Starting Servlet engine: [Apache Tomcat/9.0.45]
2021-Apr-20 19:32:48 [restartedMain] INFO  o.a.j.s.TldScanner                                 - At least one JAR was scanned for TLDs yet contained no TLDs. Enable debug logging for this logger for a complete list of JARs that were scanned but no TLDs were found in them. Skipping unneeded JARs during scanning can improve startup time and JSP compilation time.
2021-Apr-20 19:32:48 [restartedMain] INFO  o.a.c.c.C.[.[.[/]                                  - Initializing Spring embedded WebApplicationContext
2021-Apr-20 19:32:48 [restartedMain] INFO  o.s.b.w.s.c.ServletWebServerApplicationContext     - Root WebApplicationContext: initialization completed in 534 ms
2021-Apr-20 19:32:48 [restartedMain] INFO  o.h.j.i.u.LogHelper                                - HHH000204: Processing PersistenceUnitInfo [name: default]
2021-Apr-20 19:32:48 [restartedMain] INFO  c.z.h.HikariDataSource                             - HikariPool-8 - Starting...
2021-Apr-20 19:32:49 [restartedMain] INFO  c.z.h.HikariDataSource                             - HikariPool-8 - Start completed.
2021-Apr-20 19:32:49 [restartedMain] INFO  o.h.d.Dialect                                      - HHH000400: Using dialect: org.hibernate.dialect.PostgreSQLDialect
2021-Apr-20 19:32:50 [restartedMain] INFO  o.h.e.t.j.p.i.JtaPlatformInitiator                 - HHH000490: Using JtaPlatform implementation: [org.hibernate.engine.transaction.jta.platform.internal.NoJtaPlatform]
2021-Apr-20 19:32:50 [restartedMain] INFO  o.s.o.j.LocalContainerEntityManagerFactoryBean     - Initialized JPA EntityManagerFactory for persistence unit 'default'
2021-Apr-20 19:32:50 [restartedMain] INFO  o.s.b.d.a.OptionalLiveReloadServer                 - LiveReload server is running on port 35729
2021-Apr-20 19:32:50 [restartedMain] WARN  o.s.b.a.o.j.JpaBaseConfiguration$JpaWebConfiguration - spring.jpa.open-in-view is enabled by default. Therefore, database queries may be performed during view rendering. Explicitly configure spring.jpa.open-in-view to disable this warning
2021-Apr-20 19:32:50 [restartedMain] INFO  o.s.s.c.ThreadPoolTaskExecutor                     - Initializing ExecutorService 'applicationTaskExecutor'
2021-Apr-20 19:32:50 [restartedMain] INFO  o.s.b.a.e.w.EndpointLinksResolver                  - Exposing 13 endpoint(s) beneath base path '/actuator'
2021-Apr-20 19:32:50 [restartedMain] INFO  o.a.c.h.Http11NioProtocol                          - Starting ProtocolHandler ["http-nio-9095"]
2021-Apr-20 19:32:50 [restartedMain] INFO  o.s.b.w.e.t.TomcatWebServer                        - Tomcat started on port(s): 9095 (http) with context path ''
2021-Apr-20 19:32:50 [restartedMain] INFO  c.f.FitnessNewsSbApplication                       - Started FitnessNewsSbApplication in 2.579 seconds (JVM running for 1640.294)
2021-Apr-20 19:32:50 [restartedMain] INFO  o.s.b.d.a.ConditionEvaluationDeltaLoggingListener  - Condition evaluation unchanged
2021-Apr-20 19:38:26 [Thread-45] INFO  o.s.s.c.ThreadPoolTaskExecutor                     - Shutting down ExecutorService 'applicationTaskExecutor'
2021-Apr-20 19:38:26 [Thread-45] INFO  o.s.o.j.LocalContainerEntityManagerFactoryBean     - Closing JPA EntityManagerFactory for persistence unit 'default'
2021-Apr-20 19:38:26 [Thread-45] INFO  c.z.h.HikariDataSource                             - HikariPool-8 - Shutdown initiated...
2021-Apr-20 19:38:26 [Thread-45] INFO  c.z.h.HikariDataSource                             - HikariPool-8 - Shutdown completed.
2021-Apr-20 19:38:29 [restartedMain] INFO  c.f.FitnessNewsSbApplication                       - Starting FitnessNewsSbApplication using Java 15.0.1 on DESKTOP-M1PU5ME with PID 15332 (C:\Users\lsant\OneDrive\Documents\Training\Projects\Project2\FitnessNewsSB\target\classes started by lsant in C:\Users\lsant\OneDrive\Documents\Training\Projects\Project2\FitnessNewsSB)
2021-Apr-20 19:38:29 [restartedMain] INFO  c.f.FitnessNewsSbApplication                       - No active profile set, falling back to default profiles: default
2021-Apr-20 19:38:29 [restartedMain] INFO  o.s.d.r.c.RepositoryConfigurationDelegate          - Bootstrapping Spring Data JPA repositories in DEFAULT mode.
2021-Apr-20 19:38:29 [restartedMain] INFO  o.s.d.r.c.RepositoryConfigurationDelegate          - Finished Spring Data repository scanning in 20 ms. Found 3 JPA repository interfaces.
2021-Apr-20 19:38:29 [restartedMain] INFO  o.s.b.w.e.t.TomcatWebServer                        - Tomcat initialized with port(s): 9095 (http)
2021-Apr-20 19:38:29 [restartedMain] INFO  o.a.c.h.Http11NioProtocol                          - Initializing ProtocolHandler ["http-nio-9095"]
2021-Apr-20 19:38:29 [restartedMain] INFO  o.a.c.c.StandardService                            - Starting service [Tomcat]
2021-Apr-20 19:38:29 [restartedMain] INFO  o.a.c.c.StandardEngine                             - Starting Servlet engine: [Apache Tomcat/9.0.45]
2021-Apr-20 19:38:29 [restartedMain] INFO  o.a.j.s.TldScanner                                 - At least one JAR was scanned for TLDs yet contained no TLDs. Enable debug logging for this logger for a complete list of JARs that were scanned but no TLDs were found in them. Skipping unneeded JARs during scanning can improve startup time and JSP compilation time.
2021-Apr-20 19:38:29 [restartedMain] INFO  o.a.c.c.C.[.[.[/]                                  - Initializing Spring embedded WebApplicationContext
2021-Apr-20 19:38:29 [restartedMain] INFO  o.s.b.w.s.c.ServletWebServerApplicationContext     - Root WebApplicationContext: initialization completed in 672 ms
2021-Apr-20 19:38:29 [restartedMain] INFO  o.h.j.i.u.LogHelper                                - HHH000204: Processing PersistenceUnitInfo [name: default]
2021-Apr-20 19:38:29 [restartedMain] INFO  c.z.h.HikariDataSource                             - HikariPool-9 - Starting...
2021-Apr-20 19:38:30 [restartedMain] INFO  c.z.h.HikariDataSource                             - HikariPool-9 - Start completed.
2021-Apr-20 19:38:30 [restartedMain] INFO  o.h.d.Dialect                                      - HHH000400: Using dialect: org.hibernate.dialect.PostgreSQLDialect
2021-Apr-20 19:38:31 [restartedMain] INFO  o.h.e.t.j.p.i.JtaPlatformInitiator                 - HHH000490: Using JtaPlatform implementation: [org.hibernate.engine.transaction.jta.platform.internal.NoJtaPlatform]
2021-Apr-20 19:38:31 [restartedMain] INFO  o.s.o.j.LocalContainerEntityManagerFactoryBean     - Initialized JPA EntityManagerFactory for persistence unit 'default'
2021-Apr-20 19:38:31 [restartedMain] INFO  o.s.b.d.a.OptionalLiveReloadServer                 - LiveReload server is running on port 35729
2021-Apr-20 19:38:31 [restartedMain] WARN  o.s.b.a.o.j.JpaBaseConfiguration$JpaWebConfiguration - spring.jpa.open-in-view is enabled by default. Therefore, database queries may be performed during view rendering. Explicitly configure spring.jpa.open-in-view to disable this warning
2021-Apr-20 19:38:31 [restartedMain] INFO  o.s.s.c.ThreadPoolTaskExecutor                     - Initializing ExecutorService 'applicationTaskExecutor'
2021-Apr-20 19:38:32 [restartedMain] INFO  o.s.b.a.e.w.EndpointLinksResolver                  - Exposing 13 endpoint(s) beneath base path '/actuator'
2021-Apr-20 19:38:32 [restartedMain] INFO  o.a.c.h.Http11NioProtocol                          - Starting ProtocolHandler ["http-nio-9095"]
2021-Apr-20 19:38:32 [restartedMain] INFO  o.s.b.w.e.t.TomcatWebServer                        - Tomcat started on port(s): 9095 (http) with context path ''
2021-Apr-20 19:38:32 [restartedMain] INFO  c.f.FitnessNewsSbApplication                       - Started FitnessNewsSbApplication in 2.94 seconds (JVM running for 1981.87)
2021-Apr-20 19:38:32 [restartedMain] INFO  o.s.b.d.a.ConditionEvaluationDeltaLoggingListener  - Condition evaluation unchanged
2021-Apr-20 19:42:25 [Thread-51] INFO  o.s.s.c.ThreadPoolTaskExecutor                     - Shutting down ExecutorService 'applicationTaskExecutor'
2021-Apr-20 19:42:25 [Thread-51] INFO  o.s.o.j.LocalContainerEntityManagerFactoryBean     - Closing JPA EntityManagerFactory for persistence unit 'default'
2021-Apr-20 19:42:25 [Thread-51] INFO  c.z.h.HikariDataSource                             - HikariPool-9 - Shutdown initiated...
2021-Apr-20 19:42:25 [Thread-51] INFO  c.z.h.HikariDataSource                             - HikariPool-9 - Shutdown completed.
2021-Apr-20 19:42:25 [restartedMain] INFO  c.f.FitnessNewsSbApplication                       - Starting FitnessNewsSbApplication using Java 15.0.1 on DESKTOP-M1PU5ME with PID 15332 (C:\Users\lsant\OneDrive\Documents\Training\Projects\Project2\FitnessNewsSB\target\classes started by lsant in C:\Users\lsant\OneDrive\Documents\Training\Projects\Project2\FitnessNewsSB)
2021-Apr-20 19:42:25 [restartedMain] INFO  c.f.FitnessNewsSbApplication                       - No active profile set, falling back to default profiles: default
2021-Apr-20 19:42:25 [restartedMain] INFO  o.s.d.r.c.RepositoryConfigurationDelegate          - Bootstrapping Spring Data JPA repositories in DEFAULT mode.
2021-Apr-20 19:42:25 [restartedMain] INFO  o.s.d.r.c.RepositoryConfigurationDelegate          - Finished Spring Data repository scanning in 21 ms. Found 3 JPA repository interfaces.
2021-Apr-20 19:42:26 [restartedMain] INFO  o.s.b.w.e.t.TomcatWebServer                        - Tomcat initialized with port(s): 9095 (http)
2021-Apr-20 19:42:26 [restartedMain] INFO  o.a.c.h.Http11NioProtocol                          - Initializing ProtocolHandler ["http-nio-9095"]
2021-Apr-20 19:42:26 [restartedMain] INFO  o.a.c.c.StandardService                            - Starting service [Tomcat]
2021-Apr-20 19:42:26 [restartedMain] INFO  o.a.c.c.StandardEngine                             - Starting Servlet engine: [Apache Tomcat/9.0.45]
2021-Apr-20 19:42:26 [restartedMain] INFO  o.a.j.s.TldScanner                                 - At least one JAR was scanned for TLDs yet contained no TLDs. Enable debug logging for this logger for a complete list of JARs that were scanned but no TLDs were found in them. Skipping unneeded JARs during scanning can improve startup time and JSP compilation time.
2021-Apr-20 19:42:26 [restartedMain] INFO  o.a.c.c.C.[.[.[/]                                  - Initializing Spring embedded WebApplicationContext
2021-Apr-20 19:42:26 [restartedMain] INFO  o.s.b.w.s.c.ServletWebServerApplicationContext     - Root WebApplicationContext: initialization completed in 566 ms
2021-Apr-20 19:42:26 [restartedMain] INFO  o.h.j.i.u.LogHelper                                - HHH000204: Processing PersistenceUnitInfo [name: default]
2021-Apr-20 19:42:26 [restartedMain] INFO  c.z.h.HikariDataSource                             - HikariPool-10 - Starting...
2021-Apr-20 19:42:26 [restartedMain] INFO  c.z.h.HikariDataSource                             - HikariPool-10 - Start completed.
2021-Apr-20 19:42:26 [restartedMain] INFO  o.h.d.Dialect                                      - HHH000400: Using dialect: org.hibernate.dialect.PostgreSQLDialect
2021-Apr-20 19:42:27 [restartedMain] INFO  o.h.e.t.j.p.i.JtaPlatformInitiator                 - HHH000490: Using JtaPlatform implementation: [org.hibernate.engine.transaction.jta.platform.internal.NoJtaPlatform]
2021-Apr-20 19:42:27 [restartedMain] INFO  o.s.o.j.LocalContainerEntityManagerFactoryBean     - Initialized JPA EntityManagerFactory for persistence unit 'default'
2021-Apr-20 19:42:27 [restartedMain] INFO  o.s.b.d.a.OptionalLiveReloadServer                 - LiveReload server is running on port 35729
2021-Apr-20 19:42:27 [restartedMain] WARN  o.s.b.a.o.j.JpaBaseConfiguration$JpaWebConfiguration - spring.jpa.open-in-view is enabled by default. Therefore, database queries may be performed during view rendering. Explicitly configure spring.jpa.open-in-view to disable this warning
2021-Apr-20 19:42:28 [restartedMain] INFO  o.s.s.c.ThreadPoolTaskExecutor                     - Initializing ExecutorService 'applicationTaskExecutor'
2021-Apr-20 19:42:28 [restartedMain] INFO  o.s.b.a.e.w.EndpointLinksResolver                  - Exposing 13 endpoint(s) beneath base path '/actuator'
2021-Apr-20 19:42:28 [restartedMain] INFO  o.a.c.h.Http11NioProtocol                          - Starting ProtocolHandler ["http-nio-9095"]
2021-Apr-20 19:42:28 [restartedMain] INFO  o.s.b.w.e.t.TomcatWebServer                        - Tomcat started on port(s): 9095 (http) with context path ''
2021-Apr-20 19:42:28 [restartedMain] INFO  c.f.FitnessNewsSbApplication                       - Started FitnessNewsSbApplication in 2.761 seconds (JVM running for 2218.05)
2021-Apr-20 19:42:28 [restartedMain] INFO  o.s.b.d.a.ConditionEvaluationDeltaLoggingListener  - Condition evaluation unchanged
2021-Apr-20 19:52:00 [Thread-60] INFO  o.s.s.c.ThreadPoolTaskExecutor                     - Shutting down ExecutorService 'applicationTaskExecutor'
2021-Apr-20 19:52:00 [Thread-60] INFO  o.s.o.j.LocalContainerEntityManagerFactoryBean     - Closing JPA EntityManagerFactory for persistence unit 'default'
2021-Apr-20 19:52:00 [Thread-60] INFO  c.z.h.HikariDataSource                             - HikariPool-10 - Shutdown initiated...
2021-Apr-20 19:52:00 [Thread-60] INFO  c.z.h.HikariDataSource                             - HikariPool-10 - Shutdown completed.
2021-Apr-20 19:52:01 [restartedMain] INFO  c.f.FitnessNewsSbApplication                       - Starting FitnessNewsSbApplication using Java 15.0.1 on DESKTOP-M1PU5ME with PID 15332 (C:\Users\lsant\OneDrive\Documents\Training\Projects\Project2\FitnessNewsSB\target\classes started by lsant in C:\Users\lsant\OneDrive\Documents\Training\Projects\Project2\FitnessNewsSB)
2021-Apr-20 19:52:01 [restartedMain] INFO  c.f.FitnessNewsSbApplication                       - No active profile set, falling back to default profiles: default
2021-Apr-20 19:52:01 [restartedMain] INFO  o.s.d.r.c.RepositoryConfigurationDelegate          - Bootstrapping Spring Data JPA repositories in DEFAULT mode.
2021-Apr-20 19:52:01 [restartedMain] INFO  o.s.d.r.c.RepositoryConfigurationDelegate          - Finished Spring Data repository scanning in 19 ms. Found 3 JPA repository interfaces.
2021-Apr-20 19:52:01 [restartedMain] INFO  o.s.b.w.e.t.TomcatWebServer                        - Tomcat initialized with port(s): 9095 (http)
2021-Apr-20 19:52:01 [restartedMain] INFO  o.a.c.h.Http11NioProtocol                          - Initializing ProtocolHandler ["http-nio-9095"]
2021-Apr-20 19:52:01 [restartedMain] INFO  o.a.c.c.StandardService                            - Starting service [Tomcat]
2021-Apr-20 19:52:01 [restartedMain] INFO  o.a.c.c.StandardEngine                             - Starting Servlet engine: [Apache Tomcat/9.0.45]
2021-Apr-20 19:52:01 [restartedMain] INFO  o.a.j.s.TldScanner                                 - At least one JAR was scanned for TLDs yet contained no TLDs. Enable debug logging for this logger for a complete list of JARs that were scanned but no TLDs were found in them. Skipping unneeded JARs during scanning can improve startup time and JSP compilation time.
2021-Apr-20 19:52:01 [restartedMain] INFO  o.a.c.c.C.[.[.[/]                                  - Initializing Spring embedded WebApplicationContext
2021-Apr-20 19:52:01 [restartedMain] INFO  o.s.b.w.s.c.ServletWebServerApplicationContext     - Root WebApplicationContext: initialization completed in 545 ms
2021-Apr-20 19:52:01 [restartedMain] INFO  o.h.j.i.u.LogHelper                                - HHH000204: Processing PersistenceUnitInfo [name: default]
2021-Apr-20 19:52:01 [restartedMain] INFO  c.z.h.HikariDataSource                             - HikariPool-11 - Starting...
2021-Apr-20 19:52:02 [restartedMain] INFO  c.z.h.HikariDataSource                             - HikariPool-11 - Start completed.
2021-Apr-20 19:52:02 [restartedMain] INFO  o.h.d.Dialect                                      - HHH000400: Using dialect: org.hibernate.dialect.PostgreSQLDialect
2021-Apr-20 19:52:03 [restartedMain] INFO  o.h.e.t.j.p.i.JtaPlatformInitiator                 - HHH000490: Using JtaPlatform implementation: [org.hibernate.engine.transaction.jta.platform.internal.NoJtaPlatform]
2021-Apr-20 19:52:03 [restartedMain] INFO  o.s.o.j.LocalContainerEntityManagerFactoryBean     - Initialized JPA EntityManagerFactory for persistence unit 'default'
2021-Apr-20 19:52:03 [restartedMain] INFO  o.s.b.d.a.OptionalLiveReloadServer                 - LiveReload server is running on port 35729
2021-Apr-20 19:52:03 [restartedMain] WARN  o.s.b.a.o.j.JpaBaseConfiguration$JpaWebConfiguration - spring.jpa.open-in-view is enabled by default. Therefore, database queries may be performed during view rendering. Explicitly configure spring.jpa.open-in-view to disable this warning
2021-Apr-20 19:52:03 [restartedMain] INFO  o.s.s.c.ThreadPoolTaskExecutor                     - Initializing ExecutorService 'applicationTaskExecutor'
2021-Apr-20 19:52:03 [restartedMain] INFO  o.s.b.a.e.w.EndpointLinksResolver                  - Exposing 13 endpoint(s) beneath base path '/actuator'
2021-Apr-20 19:52:03 [restartedMain] INFO  o.a.c.h.Http11NioProtocol                          - Starting ProtocolHandler ["http-nio-9095"]
2021-Apr-20 19:52:03 [restartedMain] INFO  o.s.b.w.e.t.TomcatWebServer                        - Tomcat started on port(s): 9095 (http) with context path ''
2021-Apr-20 19:52:03 [restartedMain] INFO  c.f.FitnessNewsSbApplication                       - Started FitnessNewsSbApplication in 2.823 seconds (JVM running for 2793.633)
2021-Apr-20 19:52:03 [restartedMain] INFO  o.s.b.d.a.ConditionEvaluationDeltaLoggingListener  - Condition evaluation unchanged
2021-Apr-20 20:01:23 [Thread-66] INFO  o.s.s.c.ThreadPoolTaskExecutor                     - Shutting down ExecutorService 'applicationTaskExecutor'
2021-Apr-20 20:01:23 [Thread-66] INFO  o.s.o.j.LocalContainerEntityManagerFactoryBean     - Closing JPA EntityManagerFactory for persistence unit 'default'
2021-Apr-20 20:01:23 [Thread-66] INFO  c.z.h.HikariDataSource                             - HikariPool-11 - Shutdown initiated...
2021-Apr-20 20:01:23 [Thread-66] INFO  c.z.h.HikariDataSource                             - HikariPool-11 - Shutdown completed.
2021-Apr-20 20:01:23 [restartedMain] INFO  c.f.FitnessNewsSbApplication                       - Starting FitnessNewsSbApplication using Java 15.0.1 on DESKTOP-M1PU5ME with PID 15332 (C:\Users\lsant\OneDrive\Documents\Training\Projects\Project2\FitnessNewsSB\target\classes started by lsant in C:\Users\lsant\OneDrive\Documents\Training\Projects\Project2\FitnessNewsSB)
2021-Apr-20 20:01:23 [restartedMain] INFO  c.f.FitnessNewsSbApplication                       - No active profile set, falling back to default profiles: default
2021-Apr-20 20:01:23 [restartedMain] INFO  o.s.d.r.c.RepositoryConfigurationDelegate          - Bootstrapping Spring Data JPA repositories in DEFAULT mode.
2021-Apr-20 20:01:23 [restartedMain] INFO  o.s.d.r.c.RepositoryConfigurationDelegate          - Finished Spring Data repository scanning in 18 ms. Found 3 JPA repository interfaces.
2021-Apr-20 20:01:23 [restartedMain] INFO  o.s.b.w.e.t.TomcatWebServer                        - Tomcat initialized with port(s): 9095 (http)
2021-Apr-20 20:01:23 [restartedMain] INFO  o.a.c.h.Http11NioProtocol                          - Initializing ProtocolHandler ["http-nio-9095"]
2021-Apr-20 20:01:23 [restartedMain] INFO  o.a.c.c.StandardService                            - Starting service [Tomcat]
2021-Apr-20 20:01:23 [restartedMain] INFO  o.a.c.c.StandardEngine                             - Starting Servlet engine: [Apache Tomcat/9.0.45]
2021-Apr-20 20:01:24 [restartedMain] INFO  o.a.j.s.TldScanner                                 - At least one JAR was scanned for TLDs yet contained no TLDs. Enable debug logging for this logger for a complete list of JARs that were scanned but no TLDs were found in them. Skipping unneeded JARs during scanning can improve startup time and JSP compilation time.
2021-Apr-20 20:01:24 [restartedMain] INFO  o.a.c.c.C.[.[.[/]                                  - Initializing Spring embedded WebApplicationContext
2021-Apr-20 20:01:24 [restartedMain] INFO  o.s.b.w.s.c.ServletWebServerApplicationContext     - Root WebApplicationContext: initialization completed in 510 ms
2021-Apr-20 20:01:24 [restartedMain] INFO  o.h.j.i.u.LogHelper                                - HHH000204: Processing PersistenceUnitInfo [name: default]
2021-Apr-20 20:01:24 [restartedMain] INFO  c.z.h.HikariDataSource                             - HikariPool-12 - Starting...
2021-Apr-20 20:01:24 [restartedMain] INFO  c.z.h.HikariDataSource                             - HikariPool-12 - Start completed.
2021-Apr-20 20:01:24 [restartedMain] INFO  o.h.d.Dialect                                      - HHH000400: Using dialect: org.hibernate.dialect.PostgreSQLDialect
2021-Apr-20 20:01:25 [restartedMain] INFO  o.h.e.t.j.p.i.JtaPlatformInitiator                 - HHH000490: Using JtaPlatform implementation: [org.hibernate.engine.transaction.jta.platform.internal.NoJtaPlatform]
2021-Apr-20 20:01:25 [restartedMain] INFO  o.s.o.j.LocalContainerEntityManagerFactoryBean     - Initialized JPA EntityManagerFactory for persistence unit 'default'
2021-Apr-20 20:01:25 [restartedMain] INFO  o.s.b.d.a.OptionalLiveReloadServer                 - LiveReload server is running on port 35729
2021-Apr-20 20:01:25 [restartedMain] WARN  o.s.b.a.o.j.JpaBaseConfiguration$JpaWebConfiguration - spring.jpa.open-in-view is enabled by default. Therefore, database queries may be performed during view rendering. Explicitly configure spring.jpa.open-in-view to disable this warning
2021-Apr-20 20:01:26 [restartedMain] INFO  o.s.s.c.ThreadPoolTaskExecutor                     - Initializing ExecutorService 'applicationTaskExecutor'
2021-Apr-20 20:01:26 [restartedMain] INFO  o.s.b.a.e.w.EndpointLinksResolver                  - Exposing 13 endpoint(s) beneath base path '/actuator'
2021-Apr-20 20:01:26 [restartedMain] INFO  o.a.c.h.Http11NioProtocol                          - Starting ProtocolHandler ["http-nio-9095"]
2021-Apr-20 20:01:26 [restartedMain] INFO  o.s.b.w.e.t.TomcatWebServer                        - Tomcat started on port(s): 9095 (http) with context path ''
2021-Apr-20 20:01:26 [restartedMain] INFO  c.f.FitnessNewsSbApplication                       - Started FitnessNewsSbApplication in 2.682 seconds (JVM running for 3356.008)
2021-Apr-20 20:01:26 [restartedMain] INFO  o.s.b.d.a.ConditionEvaluationDeltaLoggingListener  - Condition evaluation unchanged
2021-Apr-20 20:09:34 [Thread-72] INFO  o.s.s.c.ThreadPoolTaskExecutor                     - Shutting down ExecutorService 'applicationTaskExecutor'
2021-Apr-20 20:09:34 [Thread-72] INFO  o.s.o.j.LocalContainerEntityManagerFactoryBean     - Closing JPA EntityManagerFactory for persistence unit 'default'
2021-Apr-20 20:09:34 [Thread-72] INFO  c.z.h.HikariDataSource                             - HikariPool-12 - Shutdown initiated...
2021-Apr-20 20:09:34 [Thread-72] INFO  c.z.h.HikariDataSource                             - HikariPool-12 - Shutdown completed.
2021-Apr-20 20:09:35 [restartedMain] INFO  c.f.FitnessNewsSbApplication                       - Starting FitnessNewsSbApplication using Java 15.0.1 on DESKTOP-M1PU5ME with PID 15332 (C:\Users\lsant\OneDrive\Documents\Training\Projects\Project2\FitnessNewsSB\target\classes started by lsant in C:\Users\lsant\OneDrive\Documents\Training\Projects\Project2\FitnessNewsSB)
2021-Apr-20 20:09:35 [restartedMain] INFO  c.f.FitnessNewsSbApplication                       - No active profile set, falling back to default profiles: default
2021-Apr-20 20:09:35 [restartedMain] INFO  o.s.d.r.c.RepositoryConfigurationDelegate          - Bootstrapping Spring Data JPA repositories in DEFAULT mode.
2021-Apr-20 20:09:35 [restartedMain] INFO  o.s.d.r.c.RepositoryConfigurationDelegate          - Finished Spring Data repository scanning in 20 ms. Found 3 JPA repository interfaces.
2021-Apr-20 20:09:35 [restartedMain] INFO  o.s.b.w.e.t.TomcatWebServer                        - Tomcat initialized with port(s): 9095 (http)
2021-Apr-20 20:09:35 [restartedMain] INFO  o.a.c.h.Http11NioProtocol                          - Initializing ProtocolHandler ["http-nio-9095"]
2021-Apr-20 20:09:35 [restartedMain] INFO  o.a.c.c.StandardService                            - Starting service [Tomcat]
2021-Apr-20 20:09:35 [restartedMain] INFO  o.a.c.c.StandardEngine                             - Starting Servlet engine: [Apache Tomcat/9.0.45]
2021-Apr-20 20:09:35 [restartedMain] INFO  o.a.j.s.TldScanner                                 - At least one JAR was scanned for TLDs yet contained no TLDs. Enable debug logging for this logger for a complete list of JARs that were scanned but no TLDs were found in them. Skipping unneeded JARs during scanning can improve startup time and JSP compilation time.
2021-Apr-20 20:09:35 [restartedMain] INFO  o.a.c.c.C.[.[.[/]                                  - Initializing Spring embedded WebApplicationContext
2021-Apr-20 20:09:35 [restartedMain] INFO  o.s.b.w.s.c.ServletWebServerApplicationContext     - Root WebApplicationContext: initialization completed in 506 ms
2021-Apr-20 20:09:35 [restartedMain] INFO  o.h.j.i.u.LogHelper                                - HHH000204: Processing PersistenceUnitInfo [name: default]
2021-Apr-20 20:09:35 [restartedMain] INFO  c.z.h.HikariDataSource                             - HikariPool-13 - Starting...
2021-Apr-20 20:09:36 [restartedMain] INFO  c.z.h.HikariDataSource                             - HikariPool-13 - Start completed.
2021-Apr-20 20:09:36 [restartedMain] INFO  o.h.d.Dialect                                      - HHH000400: Using dialect: org.hibernate.dialect.PostgreSQLDialect
2021-Apr-20 20:09:37 [restartedMain] INFO  o.h.e.t.j.p.i.JtaPlatformInitiator                 - HHH000490: Using JtaPlatform implementation: [org.hibernate.engine.transaction.jta.platform.internal.NoJtaPlatform]
2021-Apr-20 20:09:37 [restartedMain] INFO  o.s.o.j.LocalContainerEntityManagerFactoryBean     - Initialized JPA EntityManagerFactory for persistence unit 'default'
2021-Apr-20 20:09:37 [restartedMain] INFO  o.s.b.d.a.OptionalLiveReloadServer                 - LiveReload server is running on port 35729
2021-Apr-20 20:09:37 [restartedMain] WARN  o.s.b.a.o.j.JpaBaseConfiguration$JpaWebConfiguration - spring.jpa.open-in-view is enabled by default. Therefore, database queries may be performed during view rendering. Explicitly configure spring.jpa.open-in-view to disable this warning
2021-Apr-20 20:09:37 [restartedMain] INFO  o.s.s.c.ThreadPoolTaskExecutor                     - Initializing ExecutorService 'applicationTaskExecutor'
2021-Apr-20 20:09:37 [restartedMain] INFO  o.s.b.a.e.w.EndpointLinksResolver                  - Exposing 13 endpoint(s) beneath base path '/actuator'
2021-Apr-20 20:09:37 [restartedMain] INFO  o.a.c.h.Http11NioProtocol                          - Starting ProtocolHandler ["http-nio-9095"]
2021-Apr-20 20:09:37 [restartedMain] INFO  o.s.b.w.e.t.TomcatWebServer                        - Tomcat started on port(s): 9095 (http) with context path ''
2021-Apr-20 20:09:37 [restartedMain] INFO  c.f.FitnessNewsSbApplication                       - Started FitnessNewsSbApplication in 2.757 seconds (JVM running for 3847.536)
2021-Apr-20 20:09:37 [restartedMain] INFO  o.s.b.d.a.ConditionEvaluationDeltaLoggingListener  - Condition evaluation unchanged
2021-Apr-20 20:14:44 [Thread-78] INFO  o.s.s.c.ThreadPoolTaskExecutor                     - Shutting down ExecutorService 'applicationTaskExecutor'
2021-Apr-20 20:14:44 [Thread-78] INFO  o.s.o.j.LocalContainerEntityManagerFactoryBean     - Closing JPA EntityManagerFactory for persistence unit 'default'
2021-Apr-20 20:14:44 [Thread-78] INFO  c.z.h.HikariDataSource                             - HikariPool-13 - Shutdown initiated...
2021-Apr-20 20:14:44 [Thread-78] INFO  c.z.h.HikariDataSource                             - HikariPool-13 - Shutdown completed.
2021-Apr-20 20:14:44 [restartedMain] INFO  c.f.FitnessNewsSbApplication                       - Starting FitnessNewsSbApplication using Java 15.0.1 on DESKTOP-M1PU5ME with PID 15332 (C:\Users\lsant\OneDrive\Documents\Training\Projects\Project2\FitnessNewsSB\target\classes started by lsant in C:\Users\lsant\OneDrive\Documents\Training\Projects\Project2\FitnessNewsSB)
2021-Apr-20 20:14:44 [restartedMain] INFO  c.f.FitnessNewsSbApplication                       - No active profile set, falling back to default profiles: default
2021-Apr-20 20:14:44 [restartedMain] INFO  o.s.d.r.c.RepositoryConfigurationDelegate          - Bootstrapping Spring Data JPA repositories in DEFAULT mode.
2021-Apr-20 20:14:45 [restartedMain] INFO  o.s.d.r.c.RepositoryConfigurationDelegate          - Finished Spring Data repository scanning in 23 ms. Found 3 JPA repository interfaces.
2021-Apr-20 20:14:45 [restartedMain] INFO  o.s.b.w.e.t.TomcatWebServer                        - Tomcat initialized with port(s): 9095 (http)
2021-Apr-20 20:14:45 [restartedMain] INFO  o.a.c.h.Http11NioProtocol                          - Initializing ProtocolHandler ["http-nio-9095"]
2021-Apr-20 20:14:45 [restartedMain] INFO  o.a.c.c.StandardService                            - Starting service [Tomcat]
2021-Apr-20 20:14:45 [restartedMain] INFO  o.a.c.c.StandardEngine                             - Starting Servlet engine: [Apache Tomcat/9.0.45]
2021-Apr-20 20:14:45 [restartedMain] INFO  o.a.j.s.TldScanner                                 - At least one JAR was scanned for TLDs yet contained no TLDs. Enable debug logging for this logger for a complete list of JARs that were scanned but no TLDs were found in them. Skipping unneeded JARs during scanning can improve startup time and JSP compilation time.
2021-Apr-20 20:14:45 [restartedMain] INFO  o.a.c.c.C.[.[.[/]                                  - Initializing Spring embedded WebApplicationContext
2021-Apr-20 20:14:45 [restartedMain] INFO  o.s.b.w.s.c.ServletWebServerApplicationContext     - Root WebApplicationContext: initialization completed in 521 ms
2021-Apr-20 20:14:45 [restartedMain] INFO  o.h.j.i.u.LogHelper                                - HHH000204: Processing PersistenceUnitInfo [name: default]
2021-Apr-20 20:14:45 [restartedMain] INFO  c.z.h.HikariDataSource                             - HikariPool-14 - Starting...
2021-Apr-20 20:14:45 [restartedMain] INFO  c.z.h.HikariDataSource                             - HikariPool-14 - Start completed.
2021-Apr-20 20:14:45 [restartedMain] INFO  o.h.d.Dialect                                      - HHH000400: Using dialect: org.hibernate.dialect.PostgreSQLDialect
2021-Apr-20 20:14:46 [restartedMain] INFO  o.h.e.t.j.p.i.JtaPlatformInitiator                 - HHH000490: Using JtaPlatform implementation: [org.hibernate.engine.transaction.jta.platform.internal.NoJtaPlatform]
2021-Apr-20 20:14:46 [restartedMain] INFO  o.s.o.j.LocalContainerEntityManagerFactoryBean     - Initialized JPA EntityManagerFactory for persistence unit 'default'
2021-Apr-20 20:14:46 [restartedMain] INFO  o.s.b.d.a.OptionalLiveReloadServer                 - LiveReload server is running on port 35729
2021-Apr-20 20:14:47 [restartedMain] WARN  o.s.b.a.o.j.JpaBaseConfiguration$JpaWebConfiguration - spring.jpa.open-in-view is enabled by default. Therefore, database queries may be performed during view rendering. Explicitly configure spring.jpa.open-in-view to disable this warning
2021-Apr-20 20:14:47 [restartedMain] INFO  o.s.s.c.ThreadPoolTaskExecutor                     - Initializing ExecutorService 'applicationTaskExecutor'
2021-Apr-20 20:14:47 [restartedMain] INFO  o.s.b.a.e.w.EndpointLinksResolver                  - Exposing 13 endpoint(s) beneath base path '/actuator'
2021-Apr-20 20:14:47 [restartedMain] INFO  o.a.c.h.Http11NioProtocol                          - Starting ProtocolHandler ["http-nio-9095"]
2021-Apr-20 20:14:47 [restartedMain] INFO  o.s.b.w.e.t.TomcatWebServer                        - Tomcat started on port(s): 9095 (http) with context path ''
2021-Apr-20 20:14:47 [restartedMain] INFO  c.f.FitnessNewsSbApplication                       - Started FitnessNewsSbApplication in 2.602 seconds (JVM running for 4157.043)
2021-Apr-20 20:14:47 [restartedMain] INFO  o.s.b.d.a.ConditionEvaluationDeltaLoggingListener  - Condition evaluation unchanged
2021-Apr-20 20:17:13 [Thread-84] INFO  o.s.s.c.ThreadPoolTaskExecutor                     - Shutting down ExecutorService 'applicationTaskExecutor'
2021-Apr-20 20:17:13 [Thread-84] INFO  o.s.o.j.LocalContainerEntityManagerFactoryBean     - Closing JPA EntityManagerFactory for persistence unit 'default'
2021-Apr-20 20:17:13 [Thread-84] INFO  c.z.h.HikariDataSource                             - HikariPool-14 - Shutdown initiated...
2021-Apr-20 20:17:13 [Thread-84] INFO  c.z.h.HikariDataSource                             - HikariPool-14 - Shutdown completed.
2021-Apr-20 20:17:13 [restartedMain] INFO  c.f.FitnessNewsSbApplication                       - Starting FitnessNewsSbApplication using Java 15.0.1 on DESKTOP-M1PU5ME with PID 15332 (C:\Users\lsant\OneDrive\Documents\Training\Projects\Project2\FitnessNewsSB\target\classes started by lsant in C:\Users\lsant\OneDrive\Documents\Training\Projects\Project2\FitnessNewsSB)
2021-Apr-20 20:17:13 [restartedMain] INFO  c.f.FitnessNewsSbApplication                       - No active profile set, falling back to default profiles: default
2021-Apr-20 20:17:14 [restartedMain] INFO  o.s.d.r.c.RepositoryConfigurationDelegate          - Bootstrapping Spring Data JPA repositories in DEFAULT mode.
2021-Apr-20 20:17:14 [restartedMain] INFO  o.s.d.r.c.RepositoryConfigurationDelegate          - Finished Spring Data repository scanning in 21 ms. Found 3 JPA repository interfaces.
2021-Apr-20 20:17:14 [restartedMain] INFO  o.s.b.w.e.t.TomcatWebServer                        - Tomcat initialized with port(s): 9095 (http)
2021-Apr-20 20:17:14 [restartedMain] INFO  o.a.c.h.Http11NioProtocol                          - Initializing ProtocolHandler ["http-nio-9095"]
2021-Apr-20 20:17:14 [restartedMain] INFO  o.a.c.c.StandardService                            - Starting service [Tomcat]
2021-Apr-20 20:17:14 [restartedMain] INFO  o.a.c.c.StandardEngine                             - Starting Servlet engine: [Apache Tomcat/9.0.45]
2021-Apr-20 20:17:14 [restartedMain] INFO  o.a.j.s.TldScanner                                 - At least one JAR was scanned for TLDs yet contained no TLDs. Enable debug logging for this logger for a complete list of JARs that were scanned but no TLDs were found in them. Skipping unneeded JARs during scanning can improve startup time and JSP compilation time.
2021-Apr-20 20:17:14 [restartedMain] INFO  o.a.c.c.C.[.[.[/]                                  - Initializing Spring embedded WebApplicationContext
2021-Apr-20 20:17:14 [restartedMain] INFO  o.s.b.w.s.c.ServletWebServerApplicationContext     - Root WebApplicationContext: initialization completed in 628 ms
2021-Apr-20 20:17:14 [restartedMain] INFO  o.h.j.i.u.LogHelper                                - HHH000204: Processing PersistenceUnitInfo [name: default]
2021-Apr-20 20:17:14 [restartedMain] INFO  c.z.h.HikariDataSource                             - HikariPool-15 - Starting...
2021-Apr-20 20:17:15 [restartedMain] INFO  c.z.h.HikariDataSource                             - HikariPool-15 - Start completed.
2021-Apr-20 20:17:15 [restartedMain] INFO  o.h.d.Dialect                                      - HHH000400: Using dialect: org.hibernate.dialect.PostgreSQLDialect
2021-Apr-20 20:17:16 [restartedMain] INFO  o.h.e.t.j.p.i.JtaPlatformInitiator                 - HHH000490: Using JtaPlatform implementation: [org.hibernate.engine.transaction.jta.platform.internal.NoJtaPlatform]
2021-Apr-20 20:17:16 [restartedMain] INFO  o.s.o.j.LocalContainerEntityManagerFactoryBean     - Initialized JPA EntityManagerFactory for persistence unit 'default'
2021-Apr-20 20:17:16 [restartedMain] INFO  o.s.b.d.a.OptionalLiveReloadServer                 - LiveReload server is running on port 35729
2021-Apr-20 20:17:16 [restartedMain] WARN  o.s.b.a.o.j.JpaBaseConfiguration$JpaWebConfiguration - spring.jpa.open-in-view is enabled by default. Therefore, database queries may be performed during view rendering. Explicitly configure spring.jpa.open-in-view to disable this warning
2021-Apr-20 20:17:16 [restartedMain] INFO  o.s.s.c.ThreadPoolTaskExecutor                     - Initializing ExecutorService 'applicationTaskExecutor'
2021-Apr-20 20:17:16 [restartedMain] INFO  o.s.b.a.e.w.EndpointLinksResolver                  - Exposing 13 endpoint(s) beneath base path '/actuator'
2021-Apr-20 20:17:16 [restartedMain] INFO  o.a.c.h.Http11NioProtocol                          - Starting ProtocolHandler ["http-nio-9095"]
2021-Apr-20 20:17:16 [restartedMain] INFO  o.s.b.w.e.t.TomcatWebServer                        - Tomcat started on port(s): 9095 (http) with context path ''
2021-Apr-20 20:17:16 [restartedMain] INFO  c.f.FitnessNewsSbApplication                       - Started FitnessNewsSbApplication in 2.73 seconds (JVM running for 4306.23)
2021-Apr-20 20:17:16 [restartedMain] INFO  o.s.b.d.a.ConditionEvaluationDeltaLoggingListener  - Condition evaluation unchanged
2021-Apr-20 20:17:36 [Thread-90] INFO  o.s.s.c.ThreadPoolTaskExecutor                     - Shutting down ExecutorService 'applicationTaskExecutor'
2021-Apr-20 20:17:36 [Thread-90] INFO  o.s.o.j.LocalContainerEntityManagerFactoryBean     - Closing JPA EntityManagerFactory for persistence unit 'default'
2021-Apr-20 20:17:36 [Thread-90] INFO  c.z.h.HikariDataSource                             - HikariPool-15 - Shutdown initiated...
2021-Apr-20 20:17:36 [Thread-90] INFO  c.z.h.HikariDataSource                             - HikariPool-15 - Shutdown completed.
2021-Apr-20 20:17:36 [restartedMain] INFO  c.f.FitnessNewsSbApplication                       - Starting FitnessNewsSbApplication using Java 15.0.1 on DESKTOP-M1PU5ME with PID 15332 (C:\Users\lsant\OneDrive\Documents\Training\Projects\Project2\FitnessNewsSB\target\classes started by lsant in C:\Users\lsant\OneDrive\Documents\Training\Projects\Project2\FitnessNewsSB)
2021-Apr-20 20:17:36 [restartedMain] INFO  c.f.FitnessNewsSbApplication                       - No active profile set, falling back to default profiles: default
2021-Apr-20 20:17:36 [restartedMain] INFO  o.s.d.r.c.RepositoryConfigurationDelegate          - Bootstrapping Spring Data JPA repositories in DEFAULT mode.
2021-Apr-20 20:17:36 [restartedMain] INFO  o.s.d.r.c.RepositoryConfigurationDelegate          - Finished Spring Data repository scanning in 24 ms. Found 3 JPA repository interfaces.
2021-Apr-20 20:17:36 [restartedMain] INFO  o.s.b.w.e.t.TomcatWebServer                        - Tomcat initialized with port(s): 9095 (http)
2021-Apr-20 20:17:36 [restartedMain] INFO  o.a.c.h.Http11NioProtocol                          - Initializing ProtocolHandler ["http-nio-9095"]
2021-Apr-20 20:17:36 [restartedMain] INFO  o.a.c.c.StandardService                            - Starting service [Tomcat]
2021-Apr-20 20:17:36 [restartedMain] INFO  o.a.c.c.StandardEngine                             - Starting Servlet engine: [Apache Tomcat/9.0.45]
2021-Apr-20 20:17:36 [restartedMain] INFO  o.a.j.s.TldScanner                                 - At least one JAR was scanned for TLDs yet contained no TLDs. Enable debug logging for this logger for a complete list of JARs that were scanned but no TLDs were found in them. Skipping unneeded JARs during scanning can improve startup time and JSP compilation time.
2021-Apr-20 20:17:36 [restartedMain] INFO  o.a.c.c.C.[.[.[/]                                  - Initializing Spring embedded WebApplicationContext
2021-Apr-20 20:17:36 [restartedMain] INFO  o.s.b.w.s.c.ServletWebServerApplicationContext     - Root WebApplicationContext: initialization completed in 524 ms
2021-Apr-20 20:17:37 [restartedMain] INFO  o.h.j.i.u.LogHelper                                - HHH000204: Processing PersistenceUnitInfo [name: default]
2021-Apr-20 20:17:37 [restartedMain] INFO  c.z.h.HikariDataSource                             - HikariPool-16 - Starting...
2021-Apr-20 20:17:37 [restartedMain] INFO  c.z.h.HikariDataSource                             - HikariPool-16 - Start completed.
2021-Apr-20 20:17:37 [restartedMain] INFO  o.h.d.Dialect                                      - HHH000400: Using dialect: org.hibernate.dialect.PostgreSQLDialect
2021-Apr-20 20:17:38 [restartedMain] INFO  o.h.e.t.j.p.i.JtaPlatformInitiator                 - HHH000490: Using JtaPlatform implementation: [org.hibernate.engine.transaction.jta.platform.internal.NoJtaPlatform]
2021-Apr-20 20:17:38 [restartedMain] INFO  o.s.o.j.LocalContainerEntityManagerFactoryBean     - Initialized JPA EntityManagerFactory for persistence unit 'default'
2021-Apr-20 20:17:38 [restartedMain] INFO  o.s.b.d.a.OptionalLiveReloadServer                 - LiveReload server is running on port 35729
2021-Apr-20 20:17:38 [restartedMain] WARN  o.s.b.a.o.j.JpaBaseConfiguration$JpaWebConfiguration - spring.jpa.open-in-view is enabled by default. Therefore, database queries may be performed during view rendering. Explicitly configure spring.jpa.open-in-view to disable this warning
2021-Apr-20 20:17:38 [restartedMain] INFO  o.s.s.c.ThreadPoolTaskExecutor                     - Initializing ExecutorService 'applicationTaskExecutor'
2021-Apr-20 20:17:39 [restartedMain] INFO  o.s.b.a.e.w.EndpointLinksResolver                  - Exposing 13 endpoint(s) beneath base path '/actuator'
2021-Apr-20 20:17:39 [restartedMain] INFO  o.a.c.h.Http11NioProtocol                          - Starting ProtocolHandler ["http-nio-9095"]
2021-Apr-20 20:17:39 [restartedMain] INFO  o.s.b.w.e.t.TomcatWebServer                        - Tomcat started on port(s): 9095 (http) with context path ''
2021-Apr-20 20:17:39 [restartedMain] INFO  c.f.FitnessNewsSbApplication                       - Started FitnessNewsSbApplication in 2.889 seconds (JVM running for 4329.094)
2021-Apr-20 20:17:39 [restartedMain] INFO  o.s.b.d.a.ConditionEvaluationDeltaLoggingListener  - Condition evaluation unchanged
2021-Apr-20 20:21:19 [Thread-96] INFO  o.s.s.c.ThreadPoolTaskExecutor                     - Shutting down ExecutorService 'applicationTaskExecutor'
2021-Apr-20 20:21:19 [Thread-96] INFO  o.s.o.j.LocalContainerEntityManagerFactoryBean     - Closing JPA EntityManagerFactory for persistence unit 'default'
2021-Apr-20 20:21:19 [Thread-96] INFO  c.z.h.HikariDataSource                             - HikariPool-16 - Shutdown initiated...
2021-Apr-20 20:21:19 [Thread-96] INFO  c.z.h.HikariDataSource                             - HikariPool-16 - Shutdown completed.
2021-Apr-20 20:21:19 [restartedMain] INFO  c.f.FitnessNewsSbApplication                       - Starting FitnessNewsSbApplication using Java 15.0.1 on DESKTOP-M1PU5ME with PID 15332 (C:\Users\lsant\OneDrive\Documents\Training\Projects\Project2\FitnessNewsSB\target\classes started by lsant in C:\Users\lsant\OneDrive\Documents\Training\Projects\Project2\FitnessNewsSB)
2021-Apr-20 20:21:19 [restartedMain] INFO  c.f.FitnessNewsSbApplication                       - No active profile set, falling back to default profiles: default
2021-Apr-20 20:21:19 [restartedMain] INFO  o.s.d.r.c.RepositoryConfigurationDelegate          - Bootstrapping Spring Data JPA repositories in DEFAULT mode.
2021-Apr-20 20:21:19 [restartedMain] INFO  o.s.d.r.c.RepositoryConfigurationDelegate          - Finished Spring Data repository scanning in 20 ms. Found 3 JPA repository interfaces.
2021-Apr-20 20:21:19 [restartedMain] INFO  o.s.b.w.e.t.TomcatWebServer                        - Tomcat initialized with port(s): 9095 (http)
2021-Apr-20 20:21:19 [restartedMain] INFO  o.a.c.h.Http11NioProtocol                          - Initializing ProtocolHandler ["http-nio-9095"]
2021-Apr-20 20:21:19 [restartedMain] INFO  o.a.c.c.StandardService                            - Starting service [Tomcat]
2021-Apr-20 20:21:19 [restartedMain] INFO  o.a.c.c.StandardEngine                             - Starting Servlet engine: [Apache Tomcat/9.0.45]
2021-Apr-20 20:21:19 [restartedMain] INFO  o.a.j.s.TldScanner                                 - At least one JAR was scanned for TLDs yet contained no TLDs. Enable debug logging for this logger for a complete list of JARs that were scanned but no TLDs were found in them. Skipping unneeded JARs during scanning can improve startup time and JSP compilation time.
2021-Apr-20 20:21:19 [restartedMain] INFO  o.a.c.c.C.[.[.[/]                                  - Initializing Spring embedded WebApplicationContext
2021-Apr-20 20:21:19 [restartedMain] INFO  o.s.b.w.s.c.ServletWebServerApplicationContext     - Root WebApplicationContext: initialization completed in 503 ms
2021-Apr-20 20:21:19 [restartedMain] INFO  o.h.j.i.u.LogHelper                                - HHH000204: Processing PersistenceUnitInfo [name: default]
2021-Apr-20 20:21:19 [restartedMain] INFO  c.z.h.HikariDataSource                             - HikariPool-17 - Starting...
2021-Apr-20 20:21:20 [restartedMain] INFO  c.z.h.HikariDataSource                             - HikariPool-17 - Start completed.
2021-Apr-20 20:21:20 [restartedMain] INFO  o.h.d.Dialect                                      - HHH000400: Using dialect: org.hibernate.dialect.PostgreSQLDialect
2021-Apr-20 20:21:22 [restartedMain] INFO  o.h.e.t.j.p.i.JtaPlatformInitiator                 - HHH000490: Using JtaPlatform implementation: [org.hibernate.engine.transaction.jta.platform.internal.NoJtaPlatform]
2021-Apr-20 20:21:22 [restartedMain] INFO  o.s.o.j.LocalContainerEntityManagerFactoryBean     - Initialized JPA EntityManagerFactory for persistence unit 'default'
2021-Apr-20 20:21:22 [restartedMain] INFO  o.s.b.d.a.OptionalLiveReloadServer                 - LiveReload server is running on port 35729
2021-Apr-20 20:21:22 [restartedMain] WARN  o.s.b.a.o.j.JpaBaseConfiguration$JpaWebConfiguration - spring.jpa.open-in-view is enabled by default. Therefore, database queries may be performed during view rendering. Explicitly configure spring.jpa.open-in-view to disable this warning
2021-Apr-20 20:21:22 [restartedMain] INFO  o.s.s.c.ThreadPoolTaskExecutor                     - Initializing ExecutorService 'applicationTaskExecutor'
2021-Apr-20 20:21:22 [restartedMain] INFO  o.s.b.a.e.w.EndpointLinksResolver                  - Exposing 13 endpoint(s) beneath base path '/actuator'
2021-Apr-20 20:21:22 [restartedMain] INFO  o.a.c.h.Http11NioProtocol                          - Starting ProtocolHandler ["http-nio-9095"]
2021-Apr-20 20:21:22 [restartedMain] INFO  o.s.b.w.e.t.TomcatWebServer                        - Tomcat started on port(s): 9095 (http) with context path ''
2021-Apr-20 20:21:22 [restartedMain] INFO  c.f.FitnessNewsSbApplication                       - Started FitnessNewsSbApplication in 3.357 seconds (JVM running for 4552.369)
2021-Apr-20 20:21:22 [restartedMain] INFO  o.s.b.d.a.ConditionEvaluationDeltaLoggingListener  - Condition evaluation unchanged
2021-Apr-20 20:22:35 [Thread-102] INFO  o.s.s.c.ThreadPoolTaskExecutor                     - Shutting down ExecutorService 'applicationTaskExecutor'
2021-Apr-20 20:22:35 [Thread-102] INFO  o.s.o.j.LocalContainerEntityManagerFactoryBean     - Closing JPA EntityManagerFactory for persistence unit 'default'
2021-Apr-20 20:22:35 [Thread-102] INFO  c.z.h.HikariDataSource                             - HikariPool-17 - Shutdown initiated...
2021-Apr-20 20:22:35 [Thread-102] INFO  c.z.h.HikariDataSource                             - HikariPool-17 - Shutdown completed.
2021-Apr-20 20:22:35 [restartedMain] INFO  c.f.FitnessNewsSbApplication                       - Starting FitnessNewsSbApplication using Java 15.0.1 on DESKTOP-M1PU5ME with PID 15332 (C:\Users\lsant\OneDrive\Documents\Training\Projects\Project2\FitnessNewsSB\target\classes started by lsant in C:\Users\lsant\OneDrive\Documents\Training\Projects\Project2\FitnessNewsSB)
2021-Apr-20 20:22:35 [restartedMain] INFO  c.f.FitnessNewsSbApplication                       - No active profile set, falling back to default profiles: default
2021-Apr-20 20:22:36 [restartedMain] INFO  o.s.d.r.c.RepositoryConfigurationDelegate          - Bootstrapping Spring Data JPA repositories in DEFAULT mode.
2021-Apr-20 20:22:36 [restartedMain] INFO  o.s.d.r.c.RepositoryConfigurationDelegate          - Finished Spring Data repository scanning in 19 ms. Found 3 JPA repository interfaces.
2021-Apr-20 20:22:36 [restartedMain] INFO  o.s.b.w.e.t.TomcatWebServer                        - Tomcat initialized with port(s): 9095 (http)
2021-Apr-20 20:22:36 [restartedMain] INFO  o.a.c.h.Http11NioProtocol                          - Initializing ProtocolHandler ["http-nio-9095"]
2021-Apr-20 20:22:36 [restartedMain] INFO  o.a.c.c.StandardService                            - Starting service [Tomcat]
2021-Apr-20 20:22:36 [restartedMain] INFO  o.a.c.c.StandardEngine                             - Starting Servlet engine: [Apache Tomcat/9.0.45]
2021-Apr-20 20:22:36 [restartedMain] INFO  o.a.j.s.TldScanner                                 - At least one JAR was scanned for TLDs yet contained no TLDs. Enable debug logging for this logger for a complete list of JARs that were scanned but no TLDs were found in them. Skipping unneeded JARs during scanning can improve startup time and JSP compilation time.
2021-Apr-20 20:22:36 [restartedMain] INFO  o.a.c.c.C.[.[.[/]                                  - Initializing Spring embedded WebApplicationContext
2021-Apr-20 20:22:36 [restartedMain] INFO  o.s.b.w.s.c.ServletWebServerApplicationContext     - Root WebApplicationContext: initialization completed in 494 ms
2021-Apr-20 20:22:36 [restartedMain] INFO  o.h.j.i.u.LogHelper                                - HHH000204: Processing PersistenceUnitInfo [name: default]
2021-Apr-20 20:22:36 [restartedMain] INFO  c.z.h.HikariDataSource                             - HikariPool-18 - Starting...
2021-Apr-20 20:22:37 [restartedMain] INFO  c.z.h.HikariDataSource                             - HikariPool-18 - Start completed.
2021-Apr-20 20:22:37 [restartedMain] INFO  o.h.d.Dialect                                      - HHH000400: Using dialect: org.hibernate.dialect.PostgreSQLDialect
2021-Apr-20 20:22:38 [restartedMain] INFO  o.h.e.t.j.p.i.JtaPlatformInitiator                 - HHH000490: Using JtaPlatform implementation: [org.hibernate.engine.transaction.jta.platform.internal.NoJtaPlatform]
2021-Apr-20 20:22:38 [restartedMain] INFO  o.s.o.j.LocalContainerEntityManagerFactoryBean     - Initialized JPA EntityManagerFactory for persistence unit 'default'
2021-Apr-20 20:22:38 [restartedMain] INFO  o.s.b.d.a.OptionalLiveReloadServer                 - LiveReload server is running on port 35729
2021-Apr-20 20:22:38 [restartedMain] WARN  o.s.b.a.o.j.JpaBaseConfiguration$JpaWebConfiguration - spring.jpa.open-in-view is enabled by default. Therefore, database queries may be performed during view rendering. Explicitly configure spring.jpa.open-in-view to disable this warning
2021-Apr-20 20:22:38 [restartedMain] INFO  o.s.s.c.ThreadPoolTaskExecutor                     - Initializing ExecutorService 'applicationTaskExecutor'
2021-Apr-20 20:22:38 [restartedMain] INFO  o.s.b.a.e.w.EndpointLinksResolver                  - Exposing 13 endpoint(s) beneath base path '/actuator'
2021-Apr-20 20:22:38 [restartedMain] INFO  o.a.c.h.Http11NioProtocol                          - Starting ProtocolHandler ["http-nio-9095"]
2021-Apr-20 20:22:38 [restartedMain] INFO  o.s.b.w.e.t.TomcatWebServer                        - Tomcat started on port(s): 9095 (http) with context path ''
2021-Apr-20 20:22:38 [restartedMain] INFO  c.f.FitnessNewsSbApplication                       - Started FitnessNewsSbApplication in 3.071 seconds (JVM running for 4628.755)
2021-Apr-20 20:22:38 [restartedMain] INFO  o.s.b.d.a.ConditionEvaluationDeltaLoggingListener  - Condition evaluation unchanged
2021-Apr-20 20:25:45 [RMI TCP Connection(147)-127.0.0.1] INFO  o.a.c.c.C.[.[.[/]                                  - Initializing Spring DispatcherServlet 'dispatcherServlet'
2021-Apr-20 20:25:45 [RMI TCP Connection(147)-127.0.0.1] INFO  o.s.w.s.DispatcherServlet                          - Initializing Servlet 'dispatcherServlet'
2021-Apr-20 20:25:45 [RMI TCP Connection(147)-127.0.0.1] INFO  o.s.w.s.DispatcherServlet                          - Completed initialization in 1 ms
2021-Apr-20 20:26:21 [background-preinit] INFO  o.h.v.i.u.Version                                  - HV000001: Hibernate Validator 6.0.2.Final
2021-Apr-20 20:26:21 [restartedMain] INFO  c.f.FitnessNewsSbApplication                       - Starting FitnessNewsSbApplication using Java 15.0.1 on DESKTOP-M1PU5ME with PID 9224 (C:\Users\lsant\OneDrive\Documents\Training\Projects\Project2\FitnessNewsSB\target\classes started by lsant in C:\Users\lsant\OneDrive\Documents\Training\Projects\Project2\FitnessNewsSB)
2021-Apr-20 20:26:21 [restartedMain] INFO  c.f.FitnessNewsSbApplication                       - No active profile set, falling back to default profiles: default
2021-Apr-20 20:26:21 [restartedMain] INFO  o.s.b.d.e.DevToolsPropertyDefaultsPostProcessor    - Devtools property defaults active! Set 'spring.devtools.add-properties' to 'false' to disable
2021-Apr-20 20:26:21 [restartedMain] INFO  o.s.b.d.e.DevToolsPropertyDefaultsPostProcessor    - For additional web related logging consider setting the 'logging.level.web' property to 'DEBUG'
2021-Apr-20 20:26:23 [restartedMain] INFO  o.s.d.r.c.RepositoryConfigurationDelegate          - Bootstrapping Spring Data JPA repositories in DEFAULT mode.
2021-Apr-20 20:26:23 [restartedMain] INFO  o.s.d.r.c.RepositoryConfigurationDelegate          - Finished Spring Data repository scanning in 283 ms. Found 3 JPA repository interfaces.
2021-Apr-20 20:26:24 [restartedMain] INFO  o.s.b.w.e.t.TomcatWebServer                        - Tomcat initialized with port(s): 9095 (http)
2021-Apr-20 20:26:24 [restartedMain] INFO  o.a.c.h.Http11NioProtocol                          - Initializing ProtocolHandler ["http-nio-9095"]
2021-Apr-20 20:26:24 [restartedMain] INFO  o.a.c.c.StandardService                            - Starting service [Tomcat]
2021-Apr-20 20:26:24 [restartedMain] INFO  o.a.c.c.StandardEngine                             - Starting Servlet engine: [Apache Tomcat/9.0.45]
2021-Apr-20 20:26:24 [restartedMain] INFO  o.a.j.s.TldScanner                                 - At least one JAR was scanned for TLDs yet contained no TLDs. Enable debug logging for this logger for a complete list of JARs that were scanned but no TLDs were found in them. Skipping unneeded JARs during scanning can improve startup time and JSP compilation time.
2021-Apr-20 20:26:24 [restartedMain] INFO  o.a.c.c.C.[.[.[/]                                  - Initializing Spring embedded WebApplicationContext
2021-Apr-20 20:26:24 [restartedMain] INFO  o.s.b.w.s.c.ServletWebServerApplicationContext     - Root WebApplicationContext: initialization completed in 2936 ms
2021-Apr-20 20:26:25 [restartedMain] INFO  o.h.j.i.u.LogHelper                                - HHH000204: Processing PersistenceUnitInfo [name: default]
2021-Apr-20 20:26:25 [restartedMain] INFO  o.h.Version                                        - HHH000412: Hibernate ORM core version 5.4.30.Final
2021-Apr-20 20:26:25 [restartedMain] INFO  o.h.a.c.Version                                    - HCANN000001: Hibernate Commons Annotations {5.1.2.Final}
2021-Apr-20 20:26:25 [restartedMain] INFO  c.z.h.HikariDataSource                             - HikariPool-1 - Starting...
2021-Apr-20 20:26:26 [restartedMain] INFO  c.z.h.HikariDataSource                             - HikariPool-1 - Start completed.
2021-Apr-20 20:26:26 [restartedMain] INFO  o.h.d.Dialect                                      - HHH000400: Using dialect: org.hibernate.dialect.PostgreSQLDialect
2021-Apr-20 20:26:28 [restartedMain] INFO  o.h.e.t.j.p.i.JtaPlatformInitiator                 - HHH000490: Using JtaPlatform implementation: [org.hibernate.engine.transaction.jta.platform.internal.NoJtaPlatform]
2021-Apr-20 20:26:28 [restartedMain] INFO  o.s.o.j.LocalContainerEntityManagerFactoryBean     - Initialized JPA EntityManagerFactory for persistence unit 'default'
2021-Apr-20 20:26:29 [restartedMain] WARN  o.s.b.d.a.OptionalLiveReloadServer                 - Unable to start LiveReload server
2021-Apr-20 20:26:29 [restartedMain] WARN  o.s.b.a.o.j.JpaBaseConfiguration$JpaWebConfiguration - spring.jpa.open-in-view is enabled by default. Therefore, database queries may be performed during view rendering. Explicitly configure spring.jpa.open-in-view to disable this warning
2021-Apr-20 20:26:29 [restartedMain] INFO  o.s.s.c.ThreadPoolTaskExecutor                     - Initializing ExecutorService 'applicationTaskExecutor'
2021-Apr-20 20:26:30 [restartedMain] INFO  o.s.b.a.e.w.EndpointLinksResolver                  - Exposing 13 endpoint(s) beneath base path '/actuator'
2021-Apr-20 20:26:30 [restartedMain] INFO  o.a.c.h.Http11NioProtocol                          - Starting ProtocolHandler ["http-nio-9095"]
2021-Apr-20 20:26:30 [restartedMain] WARN  o.s.b.w.s.c.AnnotationConfigServletWebServerApplicationContext - Exception encountered during context initialization - cancelling refresh attempt: org.springframework.context.ApplicationContextException: Failed to start bean 'webServerStartStop'; nested exception is org.springframework.boot.web.server.PortInUseException: Port 9095 is already in use
2021-Apr-20 20:26:30 [restartedMain] INFO  o.s.s.c.ThreadPoolTaskExecutor                     - Shutting down ExecutorService 'applicationTaskExecutor'
2021-Apr-20 20:26:30 [restartedMain] INFO  o.s.o.j.LocalContainerEntityManagerFactoryBean     - Closing JPA EntityManagerFactory for persistence unit 'default'
2021-Apr-20 20:26:30 [restartedMain] INFO  c.z.h.HikariDataSource                             - HikariPool-1 - Shutdown initiated...
2021-Apr-20 20:26:31 [restartedMain] INFO  c.z.h.HikariDataSource                             - HikariPool-1 - Shutdown completed.
2021-Apr-20 20:26:31 [restartedMain] INFO  o.a.c.h.Http11NioProtocol                          - Pausing ProtocolHandler ["http-nio-9095"]
2021-Apr-20 20:26:31 [restartedMain] INFO  o.a.c.c.StandardService                            - Stopping service [Tomcat]
2021-Apr-20 20:26:31 [restartedMain] INFO  o.a.c.h.Http11NioProtocol                          - Stopping ProtocolHandler ["http-nio-9095"]
2021-Apr-20 20:26:31 [restartedMain] INFO  o.a.c.h.Http11NioProtocol                          - Destroying ProtocolHandler ["http-nio-9095"]
2021-Apr-20 20:26:31 [restartedMain] INFO  o.s.b.a.l.ConditionEvaluationReportLoggingListener - 

Error starting ApplicationContext. To display the conditions report re-run your application with 'debug' enabled.
2021-Apr-20 20:26:31 [restartedMain] ERROR o.s.b.d.LoggingFailureAnalysisReporter             - 

***************************
APPLICATION FAILED TO START
***************************

Description:

Web server failed to start. Port 9095 was already in use.

Action:

Identify and stop the process that's listening on port 9095 or configure this application to listen on another port.

2021-Apr-20 20:26:48 [RMI TCP Connection(150)-127.0.0.1] INFO  o.s.b.a.SpringApplicationAdminMXBeanRegistrar$SpringApplicationAdmin - Application shutdown requested.
2021-Apr-20 20:26:48 [RMI TCP Connection(150)-127.0.0.1] INFO  o.s.s.c.ThreadPoolTaskExecutor                     - Shutting down ExecutorService 'applicationTaskExecutor'
2021-Apr-20 20:26:48 [RMI TCP Connection(150)-127.0.0.1] INFO  o.s.o.j.LocalContainerEntityManagerFactoryBean     - Closing JPA EntityManagerFactory for persistence unit 'default'
2021-Apr-20 20:26:48 [RMI TCP Connection(150)-127.0.0.1] INFO  c.z.h.HikariDataSource                             - HikariPool-18 - Shutdown initiated...
2021-Apr-20 20:26:48 [RMI TCP Connection(150)-127.0.0.1] INFO  c.z.h.HikariDataSource                             - HikariPool-18 - Shutdown completed.
2021-Apr-20 20:27:03 [background-preinit] INFO  o.h.v.i.u.Version                                  - HV000001: Hibernate Validator 6.0.2.Final
2021-Apr-20 20:27:03 [restartedMain] INFO  c.f.FitnessNewsSbApplication                       - Starting FitnessNewsSbApplication using Java 15.0.1 on DESKTOP-M1PU5ME with PID 14512 (C:\Users\lsant\OneDrive\Documents\Training\Projects\Project2\FitnessNewsSB\target\classes started by lsant in C:\Users\lsant\OneDrive\Documents\Training\Projects\Project2\FitnessNewsSB)
2021-Apr-20 20:27:03 [restartedMain] INFO  c.f.FitnessNewsSbApplication                       - No active profile set, falling back to default profiles: default
2021-Apr-20 20:27:03 [restartedMain] INFO  o.s.b.d.e.DevToolsPropertyDefaultsPostProcessor    - Devtools property defaults active! Set 'spring.devtools.add-properties' to 'false' to disable
2021-Apr-20 20:27:03 [restartedMain] INFO  o.s.b.d.e.DevToolsPropertyDefaultsPostProcessor    - For additional web related logging consider setting the 'logging.level.web' property to 'DEBUG'
2021-Apr-20 20:27:04 [restartedMain] INFO  o.s.d.r.c.RepositoryConfigurationDelegate          - Bootstrapping Spring Data JPA repositories in DEFAULT mode.
2021-Apr-20 20:27:05 [restartedMain] INFO  o.s.d.r.c.RepositoryConfigurationDelegate          - Finished Spring Data repository scanning in 180 ms. Found 3 JPA repository interfaces.
2021-Apr-20 20:27:05 [restartedMain] INFO  o.s.b.w.e.t.TomcatWebServer                        - Tomcat initialized with port(s): 9095 (http)
2021-Apr-20 20:27:05 [restartedMain] INFO  o.a.c.h.Http11NioProtocol                          - Initializing ProtocolHandler ["http-nio-9095"]
2021-Apr-20 20:27:05 [restartedMain] INFO  o.a.c.c.StandardService                            - Starting service [Tomcat]
2021-Apr-20 20:27:05 [restartedMain] INFO  o.a.c.c.StandardEngine                             - Starting Servlet engine: [Apache Tomcat/9.0.45]
2021-Apr-20 20:27:06 [restartedMain] INFO  o.a.j.s.TldScanner                                 - At least one JAR was scanned for TLDs yet contained no TLDs. Enable debug logging for this logger for a complete list of JARs that were scanned but no TLDs were found in them. Skipping unneeded JARs during scanning can improve startup time and JSP compilation time.
2021-Apr-20 20:27:06 [restartedMain] INFO  o.a.c.c.C.[.[.[/]                                  - Initializing Spring embedded WebApplicationContext
2021-Apr-20 20:27:06 [restartedMain] INFO  o.s.b.w.s.c.ServletWebServerApplicationContext     - Root WebApplicationContext: initialization completed in 2299 ms
2021-Apr-20 20:27:06 [restartedMain] INFO  o.h.j.i.u.LogHelper                                - HHH000204: Processing PersistenceUnitInfo [name: default]
2021-Apr-20 20:27:06 [restartedMain] INFO  o.h.Version                                        - HHH000412: Hibernate ORM core version 5.4.30.Final
2021-Apr-20 20:27:06 [restartedMain] INFO  o.h.a.c.Version                                    - HCANN000001: Hibernate Commons Annotations {5.1.2.Final}
2021-Apr-20 20:27:06 [restartedMain] INFO  c.z.h.HikariDataSource                             - HikariPool-1 - Starting...
2021-Apr-20 20:27:07 [restartedMain] INFO  c.z.h.HikariDataSource                             - HikariPool-1 - Start completed.
2021-Apr-20 20:27:07 [restartedMain] INFO  o.h.d.Dialect                                      - HHH000400: Using dialect: org.hibernate.dialect.PostgreSQLDialect
2021-Apr-20 20:27:09 [restartedMain] INFO  o.h.e.t.j.p.i.JtaPlatformInitiator                 - HHH000490: Using JtaPlatform implementation: [org.hibernate.engine.transaction.jta.platform.internal.NoJtaPlatform]
2021-Apr-20 20:27:09 [restartedMain] INFO  o.s.o.j.LocalContainerEntityManagerFactoryBean     - Initialized JPA EntityManagerFactory for persistence unit 'default'
2021-Apr-20 20:27:09 [restartedMain] INFO  o.s.b.d.a.OptionalLiveReloadServer                 - LiveReload server is running on port 35729
2021-Apr-20 20:27:10 [restartedMain] WARN  o.s.b.a.o.j.JpaBaseConfiguration$JpaWebConfiguration - spring.jpa.open-in-view is enabled by default. Therefore, database queries may be performed during view rendering. Explicitly configure spring.jpa.open-in-view to disable this warning
2021-Apr-20 20:27:10 [restartedMain] INFO  o.s.s.c.ThreadPoolTaskExecutor                     - Initializing ExecutorService 'applicationTaskExecutor'
2021-Apr-20 20:27:10 [restartedMain] INFO  o.s.b.a.e.w.EndpointLinksResolver                  - Exposing 13 endpoint(s) beneath base path '/actuator'
2021-Apr-20 20:27:10 [restartedMain] INFO  o.a.c.h.Http11NioProtocol                          - Starting ProtocolHandler ["http-nio-9095"]
2021-Apr-20 20:27:10 [restartedMain] INFO  o.s.b.w.e.t.TomcatWebServer                        - Tomcat started on port(s): 9095 (http) with context path ''
2021-Apr-20 20:27:10 [restartedMain] INFO  c.f.FitnessNewsSbApplication                       - Started FitnessNewsSbApplication in 7.696 seconds (JVM running for 9.156)
2021-Apr-20 20:27:12 [RMI TCP Connection(3)-127.0.0.1] INFO  o.a.c.c.C.[.[.[/]                                  - Initializing Spring DispatcherServlet 'dispatcherServlet'
2021-Apr-20 20:27:12 [RMI TCP Connection(3)-127.0.0.1] INFO  o.s.w.s.DispatcherServlet                          - Initializing Servlet 'dispatcherServlet'
2021-Apr-20 20:27:12 [RMI TCP Connection(3)-127.0.0.1] INFO  o.s.w.s.DispatcherServlet                          - Completed initialization in 2 ms
2021-Apr-20 20:28:14 [http-nio-9095-exec-1] INFO  c.f.c.UserController                               - Finding user of email: email@email.com
2021-Apr-20 20:28:14 [http-nio-9095-exec-2] INFO  c.f.c.NewsletterController                         - A list of all newsletters were displayed
2021-Apr-20 20:29:00 [http-nio-9095-exec-5] INFO  c.f.c.NewsletterController                         - A list of all newsletters were displayed
2021-Apr-20 20:29:52 [http-nio-9095-exec-9] INFO  c.f.c.UserController                               - Finding user of email: email@email.com
2021-Apr-20 20:29:52 [http-nio-9095-exec-10] INFO  c.f.c.NewsletterController                         - A list of all newsletters were displayed
2021-Apr-20 20:31:59 [Thread-5] INFO  o.s.s.c.ThreadPoolTaskExecutor                     - Shutting down ExecutorService 'applicationTaskExecutor'
2021-Apr-20 20:31:59 [Thread-5] INFO  o.s.o.j.LocalContainerEntityManagerFactoryBean     - Closing JPA EntityManagerFactory for persistence unit 'default'
2021-Apr-20 20:31:59 [Thread-5] INFO  c.z.h.HikariDataSource                             - HikariPool-1 - Shutdown initiated...
2021-Apr-20 20:31:59 [Thread-5] INFO  c.z.h.HikariDataSource                             - HikariPool-1 - Shutdown completed.
2021-Apr-20 20:31:59 [restartedMain] INFO  c.f.FitnessNewsSbApplication                       - Starting FitnessNewsSbApplication using Java 15.0.1 on DESKTOP-M1PU5ME with PID 14512 (C:\Users\lsant\OneDrive\Documents\Training\Projects\Project2\FitnessNewsSB\target\classes started by lsant in C:\Users\lsant\OneDrive\Documents\Training\Projects\Project2\FitnessNewsSB)
2021-Apr-20 20:31:59 [restartedMain] INFO  c.f.FitnessNewsSbApplication                       - No active profile set, falling back to default profiles: default
2021-Apr-20 20:31:59 [restartedMain] INFO  o.s.d.r.c.RepositoryConfigurationDelegate          - Bootstrapping Spring Data JPA repositories in DEFAULT mode.
2021-Apr-20 20:31:59 [restartedMain] INFO  o.s.d.r.c.RepositoryConfigurationDelegate          - Finished Spring Data repository scanning in 22 ms. Found 3 JPA repository interfaces.
2021-Apr-20 20:31:59 [restartedMain] INFO  o.s.b.w.e.t.TomcatWebServer                        - Tomcat initialized with port(s): 9095 (http)
2021-Apr-20 20:31:59 [restartedMain] INFO  o.a.c.h.Http11NioProtocol                          - Initializing ProtocolHandler ["http-nio-9095"]
2021-Apr-20 20:31:59 [restartedMain] INFO  o.a.c.c.StandardService                            - Starting service [Tomcat]
2021-Apr-20 20:31:59 [restartedMain] INFO  o.a.c.c.StandardEngine                             - Starting Servlet engine: [Apache Tomcat/9.0.45]
2021-Apr-20 20:32:00 [restartedMain] INFO  o.a.j.s.TldScanner                                 - At least one JAR was scanned for TLDs yet contained no TLDs. Enable debug logging for this logger for a complete list of JARs that were scanned but no TLDs were found in them. Skipping unneeded JARs during scanning can improve startup time and JSP compilation time.
2021-Apr-20 20:32:00 [restartedMain] INFO  o.a.c.c.C.[.[.[/]                                  - Initializing Spring embedded WebApplicationContext
2021-Apr-20 20:32:00 [restartedMain] INFO  o.s.b.w.s.c.ServletWebServerApplicationContext     - Root WebApplicationContext: initialization completed in 618 ms
2021-Apr-20 20:32:00 [restartedMain] INFO  o.h.j.i.u.LogHelper                                - HHH000204: Processing PersistenceUnitInfo [name: default]
2021-Apr-20 20:32:00 [restartedMain] INFO  c.z.h.HikariDataSource                             - HikariPool-2 - Starting...
2021-Apr-20 20:32:01 [restartedMain] INFO  c.z.h.HikariDataSource                             - HikariPool-2 - Start completed.
2021-Apr-20 20:32:01 [restartedMain] INFO  o.h.d.Dialect                                      - HHH000400: Using dialect: org.hibernate.dialect.PostgreSQLDialect
2021-Apr-20 20:32:02 [restartedMain] INFO  o.h.e.t.j.p.i.JtaPlatformInitiator                 - HHH000490: Using JtaPlatform implementation: [org.hibernate.engine.transaction.jta.platform.internal.NoJtaPlatform]
2021-Apr-20 20:32:02 [restartedMain] INFO  o.s.o.j.LocalContainerEntityManagerFactoryBean     - Initialized JPA EntityManagerFactory for persistence unit 'default'
2021-Apr-20 20:32:02 [restartedMain] INFO  o.s.b.d.a.OptionalLiveReloadServer                 - LiveReload server is running on port 35729
2021-Apr-20 20:32:02 [restartedMain] WARN  o.s.b.a.o.j.JpaBaseConfiguration$JpaWebConfiguration - spring.jpa.open-in-view is enabled by default. Therefore, database queries may be performed during view rendering. Explicitly configure spring.jpa.open-in-view to disable this warning
2021-Apr-20 20:32:03 [restartedMain] INFO  o.s.s.c.ThreadPoolTaskExecutor                     - Initializing ExecutorService 'applicationTaskExecutor'
2021-Apr-20 20:32:03 [restartedMain] INFO  o.s.b.a.e.w.EndpointLinksResolver                  - Exposing 13 endpoint(s) beneath base path '/actuator'
2021-Apr-20 20:32:03 [restartedMain] INFO  o.a.c.h.Http11NioProtocol                          - Starting ProtocolHandler ["http-nio-9095"]
2021-Apr-20 20:32:03 [restartedMain] INFO  o.s.b.w.e.t.TomcatWebServer                        - Tomcat started on port(s): 9095 (http) with context path ''
2021-Apr-20 20:32:03 [restartedMain] INFO  c.f.FitnessNewsSbApplication                       - Started FitnessNewsSbApplication in 3.807 seconds (JVM running for 301.394)
2021-Apr-20 20:32:03 [restartedMain] INFO  o.s.b.d.a.ConditionEvaluationDeltaLoggingListener  - Condition evaluation unchanged
2021-Apr-20 20:32:54 [RMI TCP Connection(18)-127.0.0.1] INFO  o.s.b.a.SpringApplicationAdminMXBeanRegistrar$SpringApplicationAdmin - Application shutdown requested.
2021-Apr-20 20:32:54 [RMI TCP Connection(18)-127.0.0.1] INFO  o.s.s.c.ThreadPoolTaskExecutor                     - Shutting down ExecutorService 'applicationTaskExecutor'
2021-Apr-20 20:32:54 [RMI TCP Connection(18)-127.0.0.1] INFO  o.s.o.j.LocalContainerEntityManagerFactoryBean     - Closing JPA EntityManagerFactory for persistence unit 'default'
2021-Apr-20 20:32:54 [RMI TCP Connection(18)-127.0.0.1] INFO  c.z.h.HikariDataSource                             - HikariPool-2 - Shutdown initiated...
2021-Apr-20 20:32:54 [RMI TCP Connection(18)-127.0.0.1] INFO  c.z.h.HikariDataSource                             - HikariPool-2 - Shutdown completed.
